This file contains any messages produced by compilers while
running configure, to aid debugging if configure makes a mistake.

It was created by tokyocabinet configure 1.4.28, which was
generated by GNU Autoconf 2.63.  Invocation command line was

  $ ./configure 

## --------- ##
## Platform. ##
## --------- ##

hostname = bogon
uname -m = x86_64
uname -r = 4.0.0-kali1-amd64
uname -s = Linux
uname -v = #1 SMP Debian 4.0.4-1+kali2 (2015-06-03)

/usr/bin/uname -p = unknown
/bin/uname -X     = unknown

/bin/arch              = unknown
/usr/bin/arch -k       = unknown
/usr/convex/getsysinfo = unknown
/usr/bin/hostinfo      = unknown
/bin/machine           = unknown
/usr/bin/oslevel       = unknown
/bin/universe          = unknown

PATH: /usr/local/sbin
PATH: /usr/local/bin
PATH: /usr/sbin
PATH: /usr/bin
PATH: /sbin
PATH: /bin


## ----------- ##
## Core tests. ##
## ----------- ##

configure:2149: checking for gcc
configure:2165: found /usr/bin/gcc
configure:2176: result: gcc
configure:2408: checking for C compiler version
configure:2416: gcc --version >&5
gcc (Debian 4.9.2-10) 4.9.2
Copyright (C) 2014 Free Software Foundation, Inc.
This is free software; see the source for copying conditions.  There is NO
warranty; not even for MERCHANTABILITY or FITNESS FOR A PARTICULAR PURPOSE.

configure:2420: $? = 0
configure:2427: gcc -v >&5
Using built-in specs.
COLLECT_GCC=gcc
COLLECT_LTO_WRAPPER=/usr/lib/gcc/x86_64-linux-gnu/4.9/lto-wrapper
Target: x86_64-linux-gnu
Configured with: ../src/configure -v --with-pkgversion='Debian 4.9.2-10' --with-bugurl=file:///usr/share/doc/gcc-4.9/README.Bugs --enable-languages=c,c++,java,go,d,fortran,objc,obj-c++ --prefix=/usr --program-suffix=-4.9 --enable-shared --enable-linker-build-id --libexecdir=/usr/lib --without-included-gettext --enable-threads=posix --with-gxx-include-dir=/usr/include/c++/4.9 --libdir=/usr/lib --enable-nls --with-sysroot=/ --enable-clocale=gnu --enable-libstdcxx-debug --enable-libstdcxx-time=yes --enable-gnu-unique-object --disable-vtable-verify --enable-plugin --with-system-zlib --disable-browser-plugin --enable-java-awt=gtk --enable-gtk-cairo --with-java-home=/usr/lib/jvm/java-1.5.0-gcj-4.9-amd64/jre --enable-java-home --with-jvm-root-dir=/usr/lib/jvm/java-1.5.0-gcj-4.9-amd64 --with-jvm-jar-dir=/usr/lib/jvm-exports/java-1.5.0-gcj-4.9-amd64 --with-arch-directory=amd64 --with-ecj-jar=/usr/share/java/eclipse-ecj.jar --enable-objc-gc --enable-multiarch --with-arch-32=i586 --with-abi=m64 --with-multilib-list=m32,m64,mx32 --enable-multilib --with-tune=generic --enable-checking=release --build=x86_64-linux-gnu --host=x86_64-linux-gnu --target=x86_64-linux-gnu
Thread model: posix
gcc version 4.9.2 (Debian 4.9.2-10) 
configure:2431: $? = 0
configure:2438: gcc -V >&5
gcc: error: unrecognized command line option '-V'
gcc: fatal error: no input files
compilation terminated.
configure:2442: $? = 4
configure:2465: checking for C compiler default output file name
configure:2487: gcc    conftest.c  >&5
configure:2491: $? = 0
configure:2529: result: a.out
configure:2548: checking whether the C compiler works
configure:2558: ./a.out
configure:2562: $? = 0
configure:2581: result: yes
configure:2588: checking whether we are cross compiling
configure:2590: result: no
configure:2593: checking for suffix of executables
configure:2600: gcc -o conftest    conftest.c  >&5
configure:2604: $? = 0
configure:2630: result: 
configure:2636: checking for suffix of object files
configure:2662: gcc -c   conftest.c >&5
configure:2666: $? = 0
configure:2691: result: o
configure:2695: checking whether we are using the GNU C compiler
configure:2724: gcc -c   conftest.c >&5
configure:2731: $? = 0
configure:2748: result: yes
configure:2757: checking whether gcc accepts -g
configure:2787: gcc -c -g  conftest.c >&5
configure:2794: $? = 0
configure:2895: result: yes
configure:2912: checking for gcc option to accept ISO C89
configure:2986: gcc  -c -g -O2  conftest.c >&5
configure:2993: $? = 0
configure:3016: result: none needed
configure:3053: checking how to run the C preprocessor
configure:3093: gcc -E  conftest.c
configure:3100: $? = 0
configure:3131: gcc -E  conftest.c
conftest.c:8:28: fatal error: ac_nonexistent.h: No such file or directory
 #include <ac_nonexistent.h>
                            ^
compilation terminated.
configure:3138: $? = 1
configure: failed program was:
| /* confdefs.h.  */
| #define PACKAGE_NAME "tokyocabinet"
| #define PACKAGE_TARNAME "tokyocabinet"
| #define PACKAGE_VERSION "1.4.28"
| #define PACKAGE_STRING "tokyocabinet 1.4.28"
| #define PACKAGE_BUGREPORT ""
| /* end confdefs.h.  */
| #include <ac_nonexistent.h>
configure:3171: result: gcc -E
configure:3200: gcc -E  conftest.c
configure:3207: $? = 0
configure:3238: gcc -E  conftest.c
conftest.c:8:28: fatal error: ac_nonexistent.h: No such file or directory
 #include <ac_nonexistent.h>
                            ^
compilation terminated.
configure:3245: $? = 1
configure: failed program was:
| /* confdefs.h.  */
| #define PACKAGE_NAME "tokyocabinet"
| #define PACKAGE_TARNAME "tokyocabinet"
| #define PACKAGE_VERSION "1.4.28"
| #define PACKAGE_STRING "tokyocabinet 1.4.28"
| #define PACKAGE_BUGREPORT ""
| /* end confdefs.h.  */
| #include <ac_nonexistent.h>
configure:3285: checking for grep that handles long lines and -e
configure:3345: result: /bin/grep
configure:3350: checking for egrep
configure:3414: result: /bin/grep -E
configure:3419: checking for ANSI C header files
configure:3449: gcc -c -g -O2  conftest.c >&5
configure:3456: $? = 0
configure:3555: gcc -o conftest -g -O2   conftest.c  >&5
configure:3559: $? = 0
configure:3565: ./conftest
configure:3569: $? = 0
configure:3587: result: yes
configure:3611: checking for sys/types.h
configure:3632: gcc -c -g -O2  conftest.c >&5
configure:3639: $? = 0
configure:3656: result: yes
configure:3611: checking for sys/stat.h
configure:3632: gcc -c -g -O2  conftest.c >&5
configure:3639: $? = 0
configure:3656: result: yes
configure:3611: checking for stdlib.h
configure:3632: gcc -c -g -O2  conftest.c >&5
configure:3639: $? = 0
configure:3656: result: yes
configure:3611: checking for string.h
configure:3632: gcc -c -g -O2  conftest.c >&5
configure:3639: $? = 0
configure:3656: result: yes
configure:3611: checking for memory.h
configure:3632: gcc -c -g -O2  conftest.c >&5
configure:3639: $? = 0
configure:3656: result: yes
configure:3611: checking for strings.h
configure:3632: gcc -c -g -O2  conftest.c >&5
configure:3639: $? = 0
configure:3656: result: yes
configure:3611: checking for inttypes.h
configure:3632: gcc -c -g -O2  conftest.c >&5
configure:3639: $? = 0
configure:3656: result: yes
configure:3611: checking for stdint.h
configure:3632: gcc -c -g -O2  conftest.c >&5
configure:3639: $? = 0
configure:3656: result: yes
configure:3611: checking for unistd.h
configure:3632: gcc -c -g -O2  conftest.c >&5
configure:3639: $? = 0
configure:3656: result: yes
configure:3671: checking whether byte ordering is bigendian
configure:3696: gcc -c -g -O2  conftest.c >&5
conftest.c:19:9: error: unknown type name 'not'
         not a universal capable compiler
         ^
conftest.c:19:15: error: expected '=', ',', ';', 'asm' or '__attribute__' before 'universal'
         not a universal capable compiler
               ^
conftest.c:19:15: error: unknown type name 'universal'
configure:3703: $? = 1
configure: failed program was:
| /* confdefs.h.  */
| #define PACKAGE_NAME "tokyocabinet"
| #define PACKAGE_TARNAME "tokyocabinet"
| #define PACKAGE_VERSION "1.4.28"
| #define PACKAGE_STRING "tokyocabinet 1.4.28"
| #define PACKAGE_BUGREPORT ""
| #define STDC_HEADERS 1
| #define HAVE_SYS_TYPES_H 1
| #define HAVE_SYS_STAT_H 1
| #define HAVE_STDLIB_H 1
| #define HAVE_STRING_H 1
| #define HAVE_MEMORY_H 1
| #define HAVE_STRINGS_H 1
| #define HAVE_INTTYPES_H 1
| #define HAVE_STDINT_H 1
| #define HAVE_UNISTD_H 1
| /* end confdefs.h.  */
| #ifndef __APPLE_CC__
| 	       not a universal capable compiler
| 	     #endif
| 	     typedef int dummy;
| 
configure:3753: gcc -c -g -O2  conftest.c >&5
configure:3760: $? = 0
configure:3792: gcc -c -g -O2  conftest.c >&5
conftest.c: In function 'main':
conftest.c:25:4: error: unknown type name 'not'
    not big endian
    ^
conftest.c:25:12: error: expected '=', ',', ';', 'asm' or '__attribute__' before 'endian'
    not big endian
            ^
configure:3799: $? = 1
configure: failed program was:
| /* confdefs.h.  */
| #define PACKAGE_NAME "tokyocabinet"
| #define PACKAGE_TARNAME "tokyocabinet"
| #define PACKAGE_VERSION "1.4.28"
| #define PACKAGE_STRING "tokyocabinet 1.4.28"
| #define PACKAGE_BUGREPORT ""
| #define STDC_HEADERS 1
| #define HAVE_SYS_TYPES_H 1
| #define HAVE_SYS_STAT_H 1
| #define HAVE_STDLIB_H 1
| #define HAVE_STRING_H 1
| #define HAVE_MEMORY_H 1
| #define HAVE_STRINGS_H 1
| #define HAVE_INTTYPES_H 1
| #define HAVE_STDINT_H 1
| #define HAVE_UNISTD_H 1
| /* end confdefs.h.  */
| #include <sys/types.h>
| 		#include <sys/param.h>
| 
| int
| main ()
| {
| #if BYTE_ORDER != BIG_ENDIAN
| 		 not big endian
| 		#endif
| 
|   ;
|   return 0;
| }
configure:4051: result: no
configure:4076: checking for main in -lc
configure:4105: gcc -o conftest -g -O2   conftest.c -lc   >&5
configure:4112: $? = 0
configure:4133: result: yes
configure:4145: checking for main in -lm
configure:4174: gcc -o conftest -g -O2   conftest.c -lm  -lc  >&5
configure:4181: $? = 0
configure:4202: result: yes
configure:4216: checking for main in -lpthread
configure:4245: gcc -o conftest -g -O2   conftest.c -lpthread  -lm -lc  >&5
configure:4252: $? = 0
configure:4273: result: yes
configure:4285: checking for main in -lrt
configure:4314: gcc -o conftest -g -O2   conftest.c -lrt  -lpthread -lm -lc  >&5
configure:4321: $? = 0
configure:4342: result: yes
configure:4357: checking for main in -lz
configure:4386: gcc -o conftest -g -O2   conftest.c -lz  -lrt -lpthread -lm -lc  >&5
configure:4393: $? = 0
configure:4414: result: yes
configure:4429: checking for main in -lbz2
configure:4458: gcc -o conftest -g -O2   conftest.c -lbz2  -lz -lrt -lpthread -lm -lc  >&5
configure:4465: $? = 0
configure:4486: result: yes
configure:4642: checking for main in -ltokyocabinet
configure:4671: gcc -o conftest -g -O2   conftest.c -ltokyocabinet  -lbz2 -lz -lrt -lpthread -lm -lc  >&5
/usr/bin/ld: cannot find -ltokyocabinet
collect2: error: ld returned 1 exit status
configure:4678: $? = 1
configure: failed program was:
| /* confdefs.h.  */
| #define PACKAGE_NAME "tokyocabinet"
| #define PACKAGE_TARNAME "tokyocabinet"
| #define PACKAGE_VERSION "1.4.28"
| #define PACKAGE_STRING "tokyocabinet 1.4.28"
| #define PACKAGE_BUGREPORT ""
| #define STDC_HEADERS 1
| #define HAVE_SYS_TYPES_H 1
| #define HAVE_SYS_STAT_H 1
| #define HAVE_STDLIB_H 1
| #define HAVE_STRING_H 1
| #define HAVE_MEMORY_H 1
| #define HAVE_STRINGS_H 1
| #define HAVE_INTTYPES_H 1
| #define HAVE_STDINT_H 1
| #define HAVE_UNISTD_H 1
| #define HAVE_LIBC 1
| #define HAVE_LIBM 1
| #define HAVE_LIBPTHREAD 1
| #define HAVE_LIBRT 1
| #define HAVE_LIBZ 1
| #define HAVE_LIBBZ2 1
| /* end confdefs.h.  */
| 
| 
| int
| main ()
| {
| return main ();
|   ;
|   return 0;
| }
configure:4699: result: no
configure:4709: checking for stdlib.h
configure:4714: result: yes
configure:4845: checking for stdint.h
configure:4850: result: yes
configure:4981: checking for unistd.h
configure:4986: result: yes
configure:5126: checking dirent.h usability
configure:5143: gcc -c -g -O2  conftest.c >&5
configure:5150: $? = 0
configure:5164: result: yes
configure:5168: checking dirent.h presence
configure:5183: gcc -E  conftest.c
configure:5190: $? = 0
configure:5204: result: yes
configure:5232: checking for dirent.h
configure:5239: result: yes
configure:5262: checking regex.h usability
configure:5279: gcc -c -g -O2  conftest.c >&5
configure:5286: $? = 0
configure:5300: result: yes
configure:5304: checking regex.h presence
configure:5319: gcc -E  conftest.c
configure:5326: $? = 0
configure:5340: result: yes
configure:5368: checking for regex.h
configure:5375: result: yes
configure:5398: checking glob.h usability
configure:5415: gcc -c -g -O2  conftest.c >&5
configure:5422: $? = 0
configure:5436: result: yes
configure:5440: checking glob.h presence
configure:5455: gcc -E  conftest.c
configure:5462: $? = 0
configure:5476: result: yes
configure:5504: checking for glob.h
configure:5511: result: yes
configure:5536: checking pthread.h usability
configure:5553: gcc -c -g -O2  conftest.c >&5
configure:5560: $? = 0
configure:5574: result: yes
configure:5578: checking pthread.h presence
configure:5593: gcc -E  conftest.c
configure:5600: $? = 0
configure:5614: result: yes
configure:5642: checking for pthread.h
configure:5649: result: yes
configure:5675: checking zlib.h usability
configure:5692: gcc -c -g -O2  conftest.c >&5
configure:5699: $? = 0
configure:5713: result: yes
configure:5717: checking zlib.h presence
configure:5732: gcc -E  conftest.c
configure:5739: $? = 0
configure:5753: result: yes
configure:5781: checking for zlib.h
configure:5788: result: yes
configure:5814: checking bzlib.h usability
configure:5831: gcc -c -g -O2  conftest.c >&5
configure:5838: $? = 0
configure:5852: result: yes
configure:5856: checking bzlib.h presence
configure:5871: gcc -E  conftest.c
configure:5878: $? = 0
configure:5892: result: yes
configure:5920: checking for bzlib.h
configure:5927: result: yes
configure:6405: creating ./config.status

## ---------------------- ##
## Running config.status. ##
## ---------------------- ##

This file was extended by tokyocabinet config.status 1.4.28, which was
generated by GNU Autoconf 2.63.  Invocation command line was

  CONFIG_FILES    = 
  CONFIG_HEADERS  = 
  CONFIG_LINKS    = 
  CONFIG_COMMANDS = 
  $ ./config.status 

on bogon

config.status:666: creating Makefile
config.status:666: creating tokyocabinet.pc

## ---------------- ##
## Cache variables. ##
## ---------------- ##

ac_cv_c_bigendian=no
ac_cv_c_compiler_gnu=yes
ac_cv_env_CC_set=
ac_cv_env_CC_value=
ac_cv_env_CFLAGS_set=
ac_cv_env_CFLAGS_value=
ac_cv_env_CPPFLAGS_set=
ac_cv_env_CPPFLAGS_value=
ac_cv_env_CPP_set=
ac_cv_env_CPP_value=
ac_cv_env_LDFLAGS_set=
ac_cv_env_LDFLAGS_value=
ac_cv_env_LIBS_set=
ac_cv_env_LIBS_value=
ac_cv_env_build_alias_set=
ac_cv_env_build_alias_value=
ac_cv_env_host_alias_set=
ac_cv_env_host_alias_value=
ac_cv_env_target_alias_set=
ac_cv_env_target_alias_value=
ac_cv_header_bzlib_h=yes
ac_cv_header_dirent_h=yes
ac_cv_header_glob_h=yes
ac_cv_header_inttypes_h=yes
ac_cv_header_memory_h=yes
ac_cv_header_pthread_h=yes
ac_cv_header_regex_h=yes
ac_cv_header_stdc=yes
ac_cv_header_stdint_h=yes
ac_cv_header_stdlib_h=yes
ac_cv_header_string_h=yes
ac_cv_header_strings_h=yes
ac_cv_header_sys_stat_h=yes
ac_cv_header_sys_types_h=yes
ac_cv_header_unistd_h=yes
ac_cv_header_zlib_h=yes
ac_cv_lib_bz2_main=yes
ac_cv_lib_c_main=yes
ac_cv_lib_m_main=yes
ac_cv_lib_pthread_main=yes
ac_cv_lib_rt_main=yes
ac_cv_lib_tokyocabinet_main=no
ac_cv_lib_z_main=yes
ac_cv_objext=o
ac_cv_path_EGREP='/bin/grep -E'
ac_cv_path_GREP=/bin/grep
ac_cv_prog_CPP='gcc -E'
ac_cv_prog_ac_ct_CC=gcc
ac_cv_prog_cc_c89=
ac_cv_prog_cc_g=yes

## ----------------- ##
## Output variables. ##
## ----------------- ##

CC='gcc'
CFLAGS='-g -O2'
CPP='gcc -E'
CPPFLAGS=''
DEFS='-DPACKAGE_NAME=\"tokyocabinet\" -DPACKAGE_TARNAME=\"tokyocabinet\" -DPACKAGE_VERSION=\"1.4.28\" -DPACKAGE_STRING=\"tokyocabinet\ 1.4.28\" -DPACKAGE_BUGREPORT=\"\" -DSTDC_HEADERS=1 -DHAVE_SYS_TYPES_H=1 -DHAVE_SYS_STAT_H=1 -DHAVE_STDLIB_H=1 -DHAVE_STRING_H=1 -DHAVE_MEMORY_H=1 -DHAVE_STRINGS_H=1 -DHAVE_INTTYPES_H=1 -DHAVE_STDINT_H=1 -DHAVE_UNISTD_H=1 -DHAVE_LIBC=1 -DHAVE_LIBM=1 -DHAVE_LIBPTHREAD=1 -DHAVE_LIBRT=1 -DHAVE_LIBZ=1 -DHAVE_LIBBZ2=1'
ECHO_C=''
ECHO_N='-n'
ECHO_T=''
EGREP='/bin/grep -E'
EXEEXT=''
GREP='/bin/grep'
LDFLAGS=''
LIBOBJS=''
LIBS='-lbz2 -lz -lrt -lpthread -lm -lc '
LTLIBOBJS=''
MYCFLAGS='-g -O2 -std=c99 -Wall -fPIC -fsigned-char -O2'
MYCGIFILES='tcawmgr.cgi'
MYCMDLDFLAGS=''
MYCOMMANDFILES='tcutest tcumttest tcucodec tchtest tchmttest tchmgr tcbtest tcbmttest tcbmgr tcftest tcfmttest tcfmgr tcttest tctmttest tctmgr tcatest tcamgr'
MYCPPFLAGS='-I. -I$(INCLUDEDIR) -I/root/include -I/usr/local/include -DNDEBUG -D_GNU_SOURCE=1 -D_REENTRANT -D__EXTENSIONS__'
MYDOCUMENTFILES='COPYING ChangeLog THANKS doc'
MYFORMATVER='1.0'
MYHEADERFILES='tcutil.h tchdb.h tcbdb.h tcfdb.h tctdb.h tcadb.h'
MYLDFLAGS='-L. -L$(LIBDIR) -L/root/lib -L/usr/local/lib'
MYLDLIBPATHENV='LD_LIBRARY_PATH'
MYLIBOBJFILES='tcutil.o tchdb.o tcbdb.o tcfdb.o tctdb.o tcadb.o myconf.o md5.o'
MYLIBRARYFILES='libtokyocabinet.a libtokyocabinet.so.8.19.0 libtokyocabinet.so.8 libtokyocabinet.so'
MYLIBREV='19'
MYLIBVER='8'
MYMAN1FILES='tcutest.1 tcumttest.1 tcucodec.1 tchtest.1 tchmttest.1 tchmgr.1 tcbtest.1 tcbmttest.1 tcbmgr.1 tcftest.1 tcfmttest.1 tcfmgr.1 tcttest.1 tctmttest.1 tctmgr.1 tcatest.1 tcamgr.1'
MYMAN3FILES='tokyocabinet.3 tcutil.3 tcxstr.3 tclist.3 tcmap.3 tctree.3 tcmdb.3 tcmpool.3 tchdb.3 tcbdb.3 tcfdb.3 tctdb.3 tcadb.3'
MYPCFILES='tokyocabinet.pc'
MYPOSTCMD='true'
MYRUNPATH='$(LIBDIR)'
OBJEXT='o'
PACKAGE_BUGREPORT=''
PACKAGE_NAME='tokyocabinet'
PACKAGE_STRING='tokyocabinet 1.4.28'
PACKAGE_TARNAME='tokyocabinet'
PACKAGE_VERSION='1.4.28'
PATH_SEPARATOR=':'
SHELL='/bin/bash'
ac_ct_CC='gcc'
bindir='${exec_prefix}/bin'
build_alias=''
datadir='${datarootdir}'
datarootdir='${prefix}/share'
docdir='${datarootdir}/doc/${PACKAGE_TARNAME}'
dvidir='${docdir}'
exec_prefix='${prefix}'
host_alias=''
htmldir='${docdir}'
includedir='${prefix}/include'
infodir='${datarootdir}/info'
libdir='${exec_prefix}/lib'
libexecdir='${exec_prefix}/libexec'
localedir='${datarootdir}/locale'
localstatedir='${prefix}/var'
mandir='${datarootdir}/man'
oldincludedir='/usr/include'
pdfdir='${docdir}'
prefix='/usr/local'
program_transform_name='s,x,x,'
psdir='${docdir}'
sbindir='${exec_prefix}/sbin'
sharedstatedir='${prefix}/com'
sysconfdir='${prefix}/etc'
target_alias=''

## ----------- ##
## confdefs.h. ##
## ----------- ##

#define PACKAGE_NAME "tokyocabinet"
#define PACKAGE_TARNAME "tokyocabinet"
#define PACKAGE_VERSION "1.4.28"
#define PACKAGE_STRING "tokyocabinet 1.4.28"
#define PACKAGE_BUGREPORT ""
#define STDC_HEADERS 1
#define HAVE_SYS_TYPES_H 1
#define HAVE_SYS_STAT_H 1
#define HAVE_STDLIB_H 1
#define HAVE_STRING_H 1
#define HAVE_MEMORY_H 1
#define HAVE_STRINGS_H 1
#define HAVE_INTTYPES_H 1
#define HAVE_STDINT_H 1
#define HAVE_UNISTD_H 1
#define HAVE_LIBC 1
#define HAVE_LIBM 1
#define HAVE_LIBPTHREAD 1
#define HAVE_LIBRT 1
#define HAVE_LIBZ 1
#define HAVE_LIBBZ2 1

configure: exit 0
